<?xml version="1.0" encoding="UTF-8"?>
<!-- Generated by org.testng.reporters.JUnitReportReporter -->
<testsuite hostname="DESKTOP-KJLE6L8" failures="0" tests="2" name="com.techfirefly.tests.FirstTest" time="34.381" errors="0" timestamp="2022-01-29T13:44:32 CST" skipped="0">
  <testcase classname="com.techfirefly.tests.FirstTest" name="test2" time="17.523"/>
  <system-out/>
  <testcase classname="com.techfirefly.tests.FirstTest" name="test1" time="16.858"/>
  <system-out/>
</testsuite> <!-- com.techfirefly.tests.FirstTest -->
