<?xml version="1.0" encoding="UTF-8"?>
<!-- Generated by org.testng.reporters.JUnitReportReporter -->
<testsuite hostname="DESKTOP-KJLE6L8" failures="0" tests="1" name="com.techfirefly.tests.FirstTest" time="11.415" errors="0" timestamp="2022-01-29T11:45:15 CST" skipped="0">
  <testcase classname="com.techfirefly.tests.FirstTest" name="test" time="11.415"/>
  <system-out/>
</testsuite> <!-- com.techfirefly.tests.FirstTest -->
